#
# A fatal error has been detected by the Java Runtime Environment:
#
#  EXCEPTION_ACCESS_VIOLATION (0xc0000005) at pc=0x00007ffb0bf107a5, pid=232, tid=0x000000000000228c
#
# JRE version: Java(TM) SE Runtime Environment (8.0_151-b12) (build 1.8.0_151-b12)
# Java VM: Java HotSpot(TM) 64-Bit Server VM (25.151-b12 mixed mode windows-amd64 compressed oops)
# Problematic frame:
# C  [opencv_imgproc341.dll+0x907a5]
#
# Failed to write core dump. Minidumps are not enabled by default on client versions of Windows
#
# If you would like to submit a bug report, please visit:
#   http://bugreport.java.com/bugreport/crash.jsp
# The crash happened outside the Java Virtual Machine in native code.
# See problematic frame for where to report the bug.
#

---------------  T H R E A D  ---------------

Current thread (0x000000001d277800):  JavaThread "My fav Thread-1" [_thread_in_native, id=8844, stack(0x000000001dce0000,0x000000001dde0000)]

siginfo: ExceptionCode=0xc0000005, writing address 0x000000002964e025

Registers:
RAX=0x000000002964dfec, RBX=0x000000001dddeb60, RCX=0x00000000000026ac, RDX=0x0000000000000039
RSP=0x000000001dddea30, RBP=0x0000000000000384, RSI=0x000000000000012c, RDI=0x000000000000012c
R8 =0x0000000000000001, R9 =0x0000000000000000, R10=0x0000000000010000, R11=0x000000000000ffff
R12=0x00000000000000ff, R13=0x000000001dddeb70, R14=0x000000002964b940, R15=0x0000000000000000
RIP=0x00007ffb0bf107a5, EFLAGS=0x0000000000010206

Top of Stack: (sp=0x000000001dddea30)
0x000000001dddea30:   000000001dddeb60 0000000000000384
0x000000001dddea40:   000000000000012c 000000000000012c
0x000000001dddea50:   0000000000000000 0000000000010000
0x000000001dddea60:   0000000000010000 00000000d98c6b28
0x000000001dddea70:   ffffffffffff0000 00000000012c0000
0x000000001dddea80:   000000001dddedb0 0000000025d075e0
0x000000001dddea90:   0000000000000001 000000001dddedc0
0x000000001dddeaa0:   0000000000000008 00000000000a0000
0x000000001dddeab0:   000000001dddebc0 00007ffb0bf12107
0x000000001dddeac0:   0000000000000000 0000000000118000
0x000000001dddead0:   0000000000000000 000000001dddee20
0x000000001dddeae0:   0000000000000003 000000001dddedc0
0x000000001dddeaf0:   000000001ddded60 0000000017c533c0
0x000000001dddeb00:   0000000000000000 000000001d277800
0x000000001dddeb10:   000000001c97f340 000000001d27d9a0
0x000000001dddeb20:   000000001d27d9c0 000000001dddee20 

Instructions: (pc=0x00007ffb0bf107a5)
0x00007ffb0bf10785:   8c 24 90 00 00 00 44 8b 7c 24 20 3b ce 7d 2e 8d
0x00007ffb0bf10795:   04 40 48 63 c9 48 63 d0 48 0f af cd 49 8d 04 0e
0x00007ffb0bf107a5:   44 88 24 02 44 88 4c 02 01 44 88 7c 02 02 eb 0d
0x00007ffb0bf107b5:   44 8b 8c 24 90 00 00 00 44 8b 7c 24 20 48 8b 44 


Register to memory mapping:

RAX=0x000000002964dfec is an unknown value
RBX=0x000000001dddeb60 is pointing into the stack for thread: 0x000000001d277800
RCX=0x00000000000026ac is an unknown value
RDX=0x0000000000000039 is an unknown value
RSP=0x000000001dddea30 is pointing into the stack for thread: 0x000000001d277800
RBP=0x0000000000000384 is an unknown value
RSI=0x000000000000012c is an unknown value
RDI=0x000000000000012c is an unknown value
R8 =0x0000000000000001 is an unknown value
R9 =0x0000000000000000 is an unknown value
R10=0x0000000000010000 is an unknown value
R11=0x000000000000ffff is an unknown value
R12=0x00000000000000ff is an unknown value
R13=0x000000001dddeb70 is pointing into the stack for thread: 0x000000001d277800
R14=0x000000002964b940 is an unknown value
R15=0x0000000000000000 is an unknown value


Stack: [0x000000001dce0000,0x000000001dde0000],  sp=0x000000001dddea30,  free space=1018k
Native frames: (J=compiled Java code, j=interpreted, Vv=VM code, C=native code)
C  [opencv_imgproc341.dll+0x907a5]
C  [opencv_imgproc341.dll+0x92107]
C  [opencv_imgproc341.dll+0x9886c]
C  [jniopencv_imgproc.dll+0x8a4c2]
C  0x0000000003a50fac

Java frames: (J=compiled Java code, j=interpreted, Vv=VM code)
J 3178  org.bytedeco.javacpp.opencv_imgproc.putText(Lorg/bytedeco/javacpp/opencv_core$Mat;Ljava/lang/String;Lorg/bytedeco/javacpp/opencv_core$Point;IDLorg/bytedeco/javacpp/opencv_core$Scalar;)V (0 bytes) @ 0x0000000003a50f26 [0x0000000003a50e80+0xa6]
j  gui.MyThread.run()V+501
v  ~StubRoutines::call_stub

---------------  P R O C E S S  ---------------

Java Threads: ( => current thread )
  0x000000001c9f4800 JavaThread "Thread-7" daemon [_thread_blocked, id=14220, stack(0x000000002cbd0000,0x000000002ccd0000)]
  0x000000001c9f3000 JavaThread "Upstream Thread" [_thread_blocked, id=10932, stack(0x000000002c8d0000,0x000000002c9d0000)]
  0x000000001c9f3800 JavaThread "Java Sound Event Dispatcher" daemon [_thread_blocked, id=6664, stack(0x000000002c1b0000,0x000000002c2b0000)]
  0x000000001c9f7000 JavaThread "Downstream Thread" [_thread_in_native, id=6636, stack(0x000000002c0b0000,0x000000002c1b0000)]
  0x000000001c9f0800 JavaThread "Thread-4" [_thread_blocked, id=12484, stack(0x000000002bea0000,0x000000002bfa0000)]
  0x00000000196c4000 JavaThread "TimerQueue" daemon [_thread_blocked, id=5492, stack(0x000000002bda0000,0x000000002bea0000)]
  0x000000001c935000 JavaThread "Image Animator 3" daemon [_thread_blocked, id=2608, stack(0x0000000028c50000,0x0000000028d50000)]
=>0x000000001d277800 JavaThread "My fav Thread-1" [_thread_in_native, id=8844, stack(0x000000001dce0000,0x000000001dde0000)]
  0x000000001cc2b000 JavaThread "JavaCPP Deallocator" daemon [_thread_blocked, id=1236, stack(0x000000001d690000,0x000000001d790000)]
  0x000000001c5df800 JavaThread "Thread-2" [_thread_in_native, id=9196, stack(0x000000001d540000,0x000000001d640000)]
  0x000000001a199000 JavaThread "Image Animator 3" daemon [_thread_blocked, id=12564, stack(0x000000001b530000,0x000000001b630000)]
  0x0000000002ff4000 JavaThread "DestroyJavaVM" [_thread_blocked, id=12492, stack(0x0000000002ea0000,0x0000000002fa0000)]
  0x000000001a179800 JavaThread "AWT-EventQueue-0" [_thread_blocked, id=1296, stack(0x000000001b230000,0x000000001b330000)]
  0x000000001a12a800 JavaThread "AWT-Windows" daemon [_thread_in_native, id=10620, stack(0x000000001a7b0000,0x000000001a8b0000)]
  0x000000001a127800 JavaThread "AWT-Shutdown" [_thread_blocked, id=13520, stack(0x000000001a6b0000,0x000000001a7b0000)]
  0x000000001a126000 JavaThread "Java2D Disposer" daemon [_thread_blocked, id=8884, stack(0x000000001a5b0000,0x000000001a6b0000)]
  0x00000000196b0000 JavaThread "Service Thread" daemon [_thread_blocked, id=6056, stack(0x0000000019a70000,0x0000000019b70000)]
  0x0000000017c24000 JavaThread "C1 CompilerThread2" daemon [_thread_blocked, id=9232, stack(0x0000000019570000,0x0000000019670000)]
  0x0000000017c1f000 JavaThread "C2 CompilerThread1" daemon [_thread_blocked, id=8268, stack(0x0000000019470000,0x0000000019570000)]
  0x0000000017c2f000 JavaThread "C2 CompilerThread0" daemon [_thread_blocked, id=8780, stack(0x0000000019370000,0x0000000019470000)]
  0x0000000017c2c800 JavaThread "Attach Listener" daemon [_thread_blocked, id=4664, stack(0x0000000019270000,0x0000000019370000)]
  0x0000000017c2b800 JavaThread "Signal Dispatcher" daemon [_thread_blocked, id=15092, stack(0x0000000019170000,0x0000000019270000)]
  0x0000000017c0a800 JavaThread "Finalizer" daemon [_thread_blocked, id=7852, stack(0x0000000018e80000,0x0000000018f80000)]
  0x00000000030e4800 JavaThread "Reference Handler" daemon [_thread_blocked, id=3992, stack(0x0000000018d80000,0x0000000018e80000)]

Other Threads:
  0x0000000017be7800 VMThread [stack: 0x0000000018c80000,0x0000000018d80000] [id=14964]
  0x00000000196e6800 WatcherThread [stack: 0x0000000019b70000,0x0000000019c70000] [id=12548]

VM state:not at safepoint (normal execution)

VM Mutex/Monitor currently owned by a thread: None

Heap:
 PSYoungGen      total 132608K, used 75948K [0x00000000d5f00000, 0x00000000df800000, 0x0000000100000000)
  eden space 118784K, 52% used [0x00000000d5f00000,0x00000000d9bace70,0x00000000dd300000)
  from space 13824K, 99% used [0x00000000de480000,0x00000000df1fe248,0x00000000df200000)
  to   space 17920K, 0% used [0x00000000dd300000,0x00000000dd300000,0x00000000de480000)
 ParOldGen       total 54784K, used 18479K [0x0000000081c00000, 0x0000000085180000, 0x00000000d5f00000)
  object space 54784K, 33% used [0x0000000081c00000,0x0000000082e0bc38,0x0000000085180000)
 Metaspace       used 24236K, capacity 24630K, committed 24828K, reserved 1071104K
  class space    used 2872K, capacity 2995K, committed 3072K, reserved 1048576K

Card table byte_map: [0x00000000124b0000,0x00000000128b0000] byte_map_base: 0x00000000120a2000

Marking Bits: (ParMarkBitMap*) 0x000000007255d850
 Begin Bits: [0x0000000012f60000, 0x0000000014ef0000)
 End Bits:   [0x0000000014ef0000, 0x0000000016e80000)

Polling page: 0x0000000001290000

CodeCache: size=245760Kb used=10066Kb max_used=10130Kb free=235693Kb
 bounds [0x00000000030f0000, 0x0000000003af0000, 0x00000000120f0000]
 total_blobs=3616 nmethods=2911 adapters=617
 compilation: enabled

Compilation events (10 events):
Event: 68.101 Thread 0x0000000017c24000 3328       3       java.util.concurrent.LinkedBlockingQueue$Node::<init> (10 bytes)
Event: 68.101 Thread 0x0000000017c2f000 nmethod 3327 0x0000000003a9dd90 code [0x0000000003a9df00, 0x0000000003a9e208]
Event: 68.101 Thread 0x0000000017c24000 nmethod 3328 0x0000000003a938d0 code [0x0000000003a93a20, 0x0000000003a93bf0]
Event: 68.103 Thread 0x0000000017c24000 3329       3       net.sourceforge.javaflacencoder.FLACStreamOutputStream::write (27 bytes)
Event: 68.103 Thread 0x0000000017c24000 nmethod 3329 0x0000000003a93450 code [0x0000000003a935c0, 0x0000000003a93808]
Event: 68.103 Thread 0x0000000017c24000 3330       3       sun.net.www.protocol.http.HttpURLConnection$StreamingOutputStream::write (66 bytes)
Event: 68.103 Thread 0x0000000017c24000 nmethod 3330 0x0000000003a92c50 code [0x0000000003a92e00, 0x0000000003a93298]
Event: 68.103 Thread 0x0000000017c24000 3331       3       sun.net.www.protocol.http.HttpURLConnection$StreamingOutputStream::checkError (53 bytes)
Event: 68.104 Thread 0x0000000017c24000 nmethod 3331 0x0000000003a9f850 code [0x0000000003a9fa00, 0x0000000003a9ff48]
Event: 68.522 Thread 0x0000000017c1f000 nmethod 3326 0x0000000003ac08d0 code [0x0000000003ac1480, 0x0000000003ad0358]

GC Heap History (10 events):
Event: 24.680 GC heap before
{Heap before GC invocations=5 (full 0):
 PSYoungGen      total 71680K, used 71577K [0x00000000d5f00000, 0x00000000daa00000, 0x0000000100000000)
  eden space 66560K, 99% used [0x00000000d5f00000,0x00000000d9fed638,0x00000000da000000)
  from space 5120K, 99% used [0x00000000da500000,0x00000000da9f8fe8,0x00000000daa00000)
  to   space 5120K, 0% used [0x00000000da000000,0x00000000da000000,0x00000000da500000)
 ParOldGen       total 87552K, used 9890K [0x0000000081c00000, 0x0000000087180000, 0x00000000d5f00000)
  object space 87552K, 11% used [0x0000000081c00000,0x00000000825a8b88,0x0000000087180000)
 Metaspace       used 20710K, capacity 21114K, committed 21552K, reserved 1069056K
  class space    used 2455K, capacity 2597K, committed 2688K, reserved 1048576K
Event: 24.690 GC heap after
Heap after GC invocations=5 (full 0):
 PSYoungGen      total 69632K, used 5111K [0x00000000d5f00000, 0x00000000db400000, 0x0000000100000000)
  eden space 64512K, 0% used [0x00000000d5f00000,0x00000000d5f00000,0x00000000d9e00000)
  from space 5120K, 99% used [0x00000000da000000,0x00000000da4fdf38,0x00000000da500000)
  to   space 11264K, 0% used [0x00000000da900000,0x00000000da900000,0x00000000db400000)
 ParOldGen       total 87552K, used 13823K [0x0000000081c00000, 0x0000000087180000, 0x00000000d5f00000)
  object space 87552K, 15% used [0x0000000081c00000,0x000000008297ff38,0x0000000087180000)
 Metaspace       used 20710K, capacity 21114K, committed 21552K, reserved 1069056K
  class space    used 2455K, capacity 2597K, committed 2688K, reserved 1048576K
}
Event: 24.898 GC heap before
{Heap before GC invocations=6 (full 0):
 PSYoungGen      total 69632K, used 7629K [0x00000000d5f00000, 0x00000000db400000, 0x0000000100000000)
  eden space 64512K, 3% used [0x00000000d5f00000,0x00000000d6175708,0x00000000d9e00000)
  from space 5120K, 99% used [0x00000000da000000,0x00000000da4fdf38,0x00000000da500000)
  to   space 11264K, 0% used [0x00000000da900000,0x00000000da900000,0x00000000db400000)
 ParOldGen       total 87552K, used 13823K [0x0000000081c00000, 0x0000000087180000, 0x00000000d5f00000)
  object space 87552K, 15% used [0x0000000081c00000,0x000000008297ff38,0x0000000087180000)
 Metaspace       used 21045K, capacity 21402K, committed 21628K, reserved 1069056K
  class space    used 2493K, capacity 2629K, committed 2688K, reserved 1048576K
Event: 24.909 GC heap after
Heap after GC invocations=6 (full 0):
 PSYoungGen      total 75776K, used 5494K [0x00000000d5f00000, 0x00000000df300000, 0x0000000100000000)
  eden space 64512K, 0% used [0x00000000d5f00000,0x00000000d5f00000,0x00000000d9e00000)
  from space 11264K, 48% used [0x00000000da900000,0x00000000dae5d830,0x00000000db400000)
  to   space 11264K, 0% used [0x00000000d9e00000,0x00000000d9e00000,0x00000000da900000)
 ParOldGen       total 87552K, used 13831K [0x0000000081c00000, 0x0000000087180000, 0x00000000d5f00000)
  object space 87552K, 15% used [0x0000000081c00000,0x0000000082981f38,0x0000000087180000)
 Metaspace       used 21045K, capacity 21402K, committed 21628K, reserved 1069056K
  class space    used 2493K, capacity 2629K, committed 2688K, reserved 1048576K
}
Event: 24.909 GC heap before
{Heap before GC invocations=7 (full 1):
 PSYoungGen      total 75776K, used 5494K [0x00000000d5f00000, 0x00000000df300000, 0x0000000100000000)
  eden space 64512K, 0% used [0x00000000d5f00000,0x00000000d5f00000,0x00000000d9e00000)
  from space 11264K, 48% used [0x00000000da900000,0x00000000dae5d830,0x00000000db400000)
  to   space 11264K, 0% used [0x00000000d9e00000,0x00000000d9e00000,0x00000000da900000)
 ParOldGen       total 87552K, used 13831K [0x0000000081c00000, 0x0000000087180000, 0x00000000d5f00000)
  object space 87552K, 15% used [0x0000000081c00000,0x0000000082981f38,0x0000000087180000)
 Metaspace       used 21045K, capacity 21402K, committed 21628K, reserved 1069056K
  class space    used 2493K, capacity 2629K, committed 2688K, reserved 1048576K
Event: 24.950 GC heap after
Heap after GC invocations=7 (full 1):
 PSYoungGen      total 75776K, used 0K [0x00000000d5f00000, 0x00000000df300000, 0x0000000100000000)
  eden space 64512K, 0% used [0x00000000d5f00000,0x00000000d5f00000,0x00000000d9e00000)
  from space 11264K, 0% used [0x00000000da900000,0x00000000da900000,0x00000000db400000)
  to   space 11264K, 0% used [0x00000000d9e00000,0x00000000d9e00000,0x00000000da900000)
 ParOldGen       total 54784K, used 11717K [0x0000000081c00000, 0x0000000085180000, 0x00000000d5f00000)
  object space 54784K, 21% used [0x0000000081c00000,0x0000000082771738,0x0000000085180000)
 Metaspace       used 21045K, capacity 21402K, committed 21628K, reserved 1069056K
  class space    used 2493K, capacity 2629K, committed 2688K, reserved 1048576K
}
Event: 39.818 GC heap before
{Heap before GC invocations=8 (full 1):
 PSYoungGen      total 75776K, used 64512K [0x00000000d5f00000, 0x00000000df300000, 0x0000000100000000)
  eden space 64512K, 100% used [0x00000000d5f00000,0x00000000d9e00000,0x00000000d9e00000)
  from space 11264K, 0% used [0x00000000da900000,0x00000000da900000,0x00000000db400000)
  to   space 11264K, 0% used [0x00000000d9e00000,0x00000000d9e00000,0x00000000da900000)
 ParOldGen       total 54784K, used 11717K [0x0000000081c00000, 0x0000000085180000, 0x00000000d5f00000)
  object space 54784K, 21% used [0x0000000081c00000,0x0000000082771738,0x0000000085180000)
 Metaspace       used 23199K, capacity 23638K, committed 23932K, reserved 1071104K
  class space    used 2763K, capacity 2899K, committed 2944K, reserved 1048576K
Event: 39.833 GC heap after
Heap after GC invocations=8 (full 1):
 PSYoungGen      total 75776K, used 11258K [0x00000000d5f00000, 0x00000000df200000, 0x0000000100000000)
  eden space 64512K, 0% used [0x00000000d5f00000,0x00000000d5f00000,0x00000000d9e00000)
  from space 11264K, 99% used [0x00000000d9e00000,0x00000000da8fe800,0x00000000da900000)
  to   space 13824K, 0% used [0x00000000de480000,0x00000000de480000,0x00000000df200000)
 ParOldGen       total 54784K, used 13587K [0x0000000081c00000, 0x0000000085180000, 0x00000000d5f00000)
  object space 54784K, 24% used [0x0000000081c00000,0x0000000082944c88,0x0000000085180000)
 Metaspace       used 23199K, capacity 23638K, committed 23932K, reserved 1071104K
  class space    used 2763K, capacity 2899K, committed 2944K, reserved 1048576K
}
Event: 54.960 GC heap before
{Heap before GC invocations=9 (full 1):
 PSYoungGen      total 75776K, used 75770K [0x00000000d5f00000, 0x00000000df200000, 0x0000000100000000)
  eden space 64512K, 100% used [0x00000000d5f00000,0x00000000d9e00000,0x00000000d9e00000)
  from space 11264K, 99% used [0x00000000d9e00000,0x00000000da8fe800,0x00000000da900000)
  to   space 13824K, 0% used [0x00000000de480000,0x00000000de480000,0x00000000df200000)
 ParOldGen       total 54784K, used 13587K [0x0000000081c00000, 0x0000000085180000, 0x00000000d5f00000)
  object space 54784K, 24% used [0x0000000081c00000,0x0000000082944c88,0x0000000085180000)
 Metaspace       used 24192K, capacity 24630K, committed 24828K, reserved 1071104K
  class space    used 2872K, capacity 2995K, committed 3072K, reserved 1048576K
Event: 54.981 GC heap after
Heap after GC invocations=9 (full 1):
 PSYoungGen      total 132608K, used 13816K [0x00000000d5f00000, 0x00000000df800000, 0x0000000100000000)
  eden space 118784K, 0% used [0x00000000d5f00000,0x00000000d5f00000,0x00000000dd300000)
  from space 13824K, 99% used [0x00000000de480000,0x00000000df1fe248,0x00000000df200000)
  to   space 17920K, 0% used [0x00000000dd300000,0x00000000dd300000,0x00000000de480000)
 ParOldGen       total 54784K, used 18479K [0x0000000081c00000, 0x0000000085180000, 0x00000000d5f00000)
  object space 54784K, 33% used [0x0000000081c00000,0x0000000082e0bc38,0x0000000085180000)
 Metaspace       used 24192K, capacity 24630K, committed 24828K, reserved 1071104K
  class space    used 2872K, capacity 2995K, committed 3072K, reserved 1048576K
}

Deoptimization events (10 events):
Event: 49.602 Thread 0x000000001d277800 Uncommon trap: reason=class_check action=maybe_recompile pc=0x00000000039b693c method=java.io.FilterInputStream.read()I @ 4
Event: 49.602 Thread 0x000000001d277800 Uncommon trap: reason=class_check action=maybe_recompile pc=0x00000000039ca874 method=java.util.zip.InflaterInputStream.read([BII)I @ 100
Event: 49.602 Thread 0x000000001d277800 Uncommon trap: reason=unstable_if action=reinterpret pc=0x00000000033f2bf0 method=sun.awt.image.ByteInterleavedRaster.putByteData(IIII[B)V @ 79
Event: 49.602 Thread 0x000000001d277800 Uncommon trap: reason=class_check action=maybe_recompile pc=0x00000000039b693c method=java.io.FilterInputStream.read()I @ 4
Event: 49.603 Thread 0x000000001d277800 Uncommon trap: reason=class_check action=maybe_recompile pc=0x00000000039b693c method=java.io.FilterInputStream.read()I @ 4
Event: 49.603 Thread 0x000000001d277800 Uncommon trap: reason=class_check action=maybe_recompile pc=0x00000000039b693c method=java.io.FilterInputStream.read()I @ 4
Event: 49.603 Thread 0x000000001d277800 Uncommon trap: reason=class_check action=maybe_recompile pc=0x00000000039ca874 method=java.util.zip.InflaterInputStream.read([BII)I @ 100
Event: 49.603 Thread 0x000000001d277800 Uncommon trap: reason=class_check action=maybe_recompile pc=0x00000000039ca874 method=java.util.zip.InflaterInputStream.read([BII)I @ 100
Event: 49.603 Thread 0x000000001d277800 Uncommon trap: reason=class_check action=maybe_recompile pc=0x00000000039ca874 method=java.util.zip.InflaterInputStream.read([BII)I @ 100
Event: 50.712 Thread 0x000000001d277800 Uncommon trap: reason=unstable_if action=reinterpret pc=0x0000000003a3021c method=sun.awt.image.ByteInterleavedRaster.getByteData(IIII[B)[B @ 97

Internal exceptions (10 events):
Event: 0.381 Thread 0x0000000002ff4000 Exception <a 'java/lang/ClassNotFoundException': Tree> (0x00000000d650e848) thrown at [C:\re\workspace\8-2-build-windows-amd64-cygwin\jdk8u151\9699\hotspot\src\share\vm\classfile\systemDictionary.cpp, line 210]
Event: 0.381 Thread 0x0000000002ff4000 Exception <a 'java/lang/ClassNotFoundException': Tree> (0x00000000d650ef88) thrown at [C:\re\workspace\8-2-build-windows-amd64-cygwin\jdk8u151\9699\hotspot\src\share\vm\classfile\systemDictionary.cpp, line 210]
Event: 0.381 Thread 0x0000000002ff4000 Exception <a 'java/lang/ClassNotFoundException': javax/swing/JTreeCell> (0x00000000d650f308) thrown at [C:\re\workspace\8-2-build-windows-amd64-cygwin\jdk8u151\9699\hotspot\src\share\vm\classfile\systemDictionary.cpp, line 210]
Event: 0.381 Thread 0x0000000002ff4000 Exception <a 'java/lang/ClassNotFoundException': TreeCell> (0x00000000d650f790) thrown at [C:\re\workspace\8-2-build-windows-amd64-cygwin\jdk8u151\9699\hotspot\src\share\vm\classfile\systemDictionary.cpp, line 210]
Event: 0.382 Thread 0x0000000002ff4000 Exception <a 'java/lang/ClassNotFoundException': RootPane> (0x00000000d65101f0) thrown at [C:\re\workspace\8-2-build-windows-amd64-cygwin\jdk8u151\9699\hotspot\src\share\vm\classfile\systemDictionary.cpp, line 210]
Event: 0.421 Thread 0x000000001a179800 Implicit null exception at 0x00000000032dca16 to 0x00000000032dcda9
Event: 0.494 Thread 0x000000001a199000 Exception <a 'java/lang/InterruptedException': sleep interrupted> (0x00000000d67feaf0) thrown at [C:\re\workspace\8-2-build-windows-amd64-cygwin\jdk8u151\9699\hotspot\src\share\vm\prims\jvm.cpp, line 3180]
Event: 7.544 Thread 0x000000001c935000 Exception <a 'java/lang/InterruptedException': sleep interrupted> (0x00000000d6f13720) thrown at [C:\re\workspace\8-2-build-windows-amd64-cygwin\jdk8u151\9699\hotspot\src\share\vm\prims\jvm.cpp, line 3180]
Event: 24.088 Thread 0x000000001c9f7000 Implicit null exception at 0x000000000363336c to 0x0000000003634e09
Event: 39.492 Thread 0x000000001d277800 Exception <a 'java/io/FileNotFoundException'> (0x00000000d8afd6d8) thrown at [C:\re\workspace\8-2-build-windows-amd64-cygwin\jdk8u151\9699\hotspot\src\share\vm\prims\jni.cpp, line 709]

Events (10 events):
Event: 56.006 Thread 0x0000000017c24000 flushing nmethod 0x00000000038f6350
Event: 56.006 Thread 0x0000000017c24000 flushing nmethod 0x00000000038f6990
Event: 56.006 Thread 0x0000000017c24000 flushing nmethod 0x00000000038f75d0
Event: 56.006 Thread 0x0000000017c24000 flushing nmethod 0x00000000038f8a90
Event: 56.006 Thread 0x0000000017c24000 flushing nmethod 0x000000000390ae10
Event: 56.006 Thread 0x0000000017c24000 flushing nmethod 0x000000000390e510
Event: 56.006 Thread 0x0000000017c24000 flushing nmethod 0x000000000390f050
Event: 56.006 Thread 0x0000000017c24000 flushing nmethod 0x000000000390f7d0
Event: 57.796 Thread 0x000000001c9f3000 DEOPT PACKING pc=0x0000000003748709 sp=0x000000002c9ce8d0
Event: 57.796 Thread 0x000000001c9f3000 DEOPT UNPACKING pc=0x000000000313787f sp=0x000000002c9ce5e0 mode 0


Dynamic libraries:
0x00007ff650b20000 - 0x00007ff650b57000 	C:\Program Files\Java\jdk1.8.0_151\bin\java.exe
0x00007ffb3e350000 - 0x00007ffb3e531000 	C:\WINDOWS\SYSTEM32\ntdll.dll
0x00007ffb3e070000 - 0x00007ffb3e122000 	C:\WINDOWS\System32\KERNEL32.DLL
0x00007ffb3af00000 - 0x00007ffb3b173000 	C:\WINDOWS\System32\KERNELBASE.dll
0x00007ffb3bc90000 - 0x00007ffb3bd31000 	C:\WINDOWS\System32\ADVAPI32.dll
0x00007ffb3bb90000 - 0x00007ffb3bc2e000 	C:\WINDOWS\System32\msvcrt.dll
0x00007ffb3b9a0000 - 0x00007ffb3b9fb000 	C:\WINDOWS\System32\sechost.dll
0x00007ffb3ba00000 - 0x00007ffb3bb24000 	C:\WINDOWS\System32\RPCRT4.dll
0x00007ffb3d3d0000 - 0x00007ffb3d560000 	C:\WINDOWS\System32\USER32.dll
0x00007ffb3a720000 - 0x00007ffb3a740000 	C:\WINDOWS\System32\win32u.dll
0x00007ffb3d6e0000 - 0x00007ffb3d708000 	C:\WINDOWS\System32\GDI32.dll
0x00007ffb3b180000 - 0x00007ffb3b312000 	C:\WINDOWS\System32\gdi32full.dll
0x00007ffb3b320000 - 0x00007ffb3b3bf000 	C:\WINDOWS\System32\msvcp_win.dll
0x00007ffb3b4f0000 - 0x00007ffb3b5ea000 	C:\WINDOWS\System32\ucrtbase.dll
0x00007ffb21760000 - 0x00007ffb219c9000 	C:\WINDOWS\WinSxS\amd64_microsoft.windows.common-controls_6595b64144ccf1df_6.0.17134.345_none_fb429a5930656358\COMCTL32.dll
0x00007ffb3db60000 - 0x00007ffb3de83000 	C:\WINDOWS\System32\combase.dll
0x00007ffb3b3c0000 - 0x00007ffb3b43a000 	C:\WINDOWS\System32\bcryptPrimitives.dll
0x00007ffb3e040000 - 0x00007ffb3e06d000 	C:\WINDOWS\System32\IMM32.DLL
0x0000000071c60000 - 0x0000000071d32000 	C:\Program Files\Java\jdk1.8.0_151\jre\bin\msvcr100.dll
0x0000000071d40000 - 0x00000000725dd000 	C:\Program Files\Java\jdk1.8.0_151\jre\bin\server\jvm.dll
0x00007ffb3d180000 - 0x00007ffb3d188000 	C:\WINDOWS\System32\PSAPI.DLL
0x00007ffb2e300000 - 0x00007ffb2e309000 	C:\WINDOWS\SYSTEM32\WSOCK32.dll
0x00007ffb2e650000 - 0x00007ffb2e673000 	C:\WINDOWS\SYSTEM32\WINMM.dll
0x00007ffb3df40000 - 0x00007ffb3dfac000 	C:\WINDOWS\System32\WS2_32.dll
0x00007ffb2dc90000 - 0x00007ffb2dc9a000 	C:\WINDOWS\SYSTEM32\VERSION.dll
0x00007ffb2e480000 - 0x00007ffb2e4aa000 	C:\WINDOWS\SYSTEM32\winmmbase.dll
0x00007ffb3a7a0000 - 0x00007ffb3a7e9000 	C:\WINDOWS\System32\cfgmgr32.dll
0x0000000071c10000 - 0x0000000071c1f000 	C:\Program Files\Java\jdk1.8.0_151\jre\bin\verify.dll
0x0000000071be0000 - 0x0000000071c09000 	C:\Program Files\Java\jdk1.8.0_151\jre\bin\java.dll
0x0000000071bc0000 - 0x0000000071bd6000 	C:\Program Files\Java\jdk1.8.0_151\jre\bin\zip.dll
0x00007ffb3bd40000 - 0x00007ffb3d17f000 	C:\WINDOWS\System32\SHELL32.dll
0x00007ffb3de90000 - 0x00007ffb3df39000 	C:\WINDOWS\System32\shcore.dll
0x00007ffb3a7f0000 - 0x00007ffb3aefd000 	C:\WINDOWS\System32\windows.storage.dll
0x00007ffb3bc30000 - 0x00007ffb3bc81000 	C:\WINDOWS\System32\shlwapi.dll
0x00007ffb3a6b0000 - 0x00007ffb3a6c1000 	C:\WINDOWS\System32\kernel.appcore.dll
0x00007ffb3a690000 - 0x00007ffb3a6af000 	C:\WINDOWS\System32\profapi.dll
0x00007ffb3a6d0000 - 0x00007ffb3a71c000 	C:\WINDOWS\System32\powrprof.dll
0x00007ffb3a660000 - 0x00007ffb3a66a000 	C:\WINDOWS\System32\FLTLIB.DLL
0x00000000719e0000 - 0x0000000071b78000 	C:\Program Files\Java\jdk1.8.0_151\jre\bin\awt.dll
0x00007ffb3b8d0000 - 0x00007ffb3b992000 	C:\WINDOWS\System32\OLEAUT32.dll
0x00007ffb377e0000 - 0x00007ffb3786b000 	C:\WINDOWS\SYSTEM32\apphelp.dll
0x00007ffb37980000 - 0x00007ffb37a18000 	C:\WINDOWS\system32\uxtheme.dll
0x00007ffb3d560000 - 0x00007ffb3d6d4000 	C:\WINDOWS\System32\MSCTF.dll
0x00007ffb38c70000 - 0x00007ffb38c99000 	C:\WINDOWS\system32\dwmapi.dll
0x00007ffb3e130000 - 0x00007ffb3e281000 	C:\WINDOWS\System32\ole32.dll
0x0000000071990000 - 0x00000000719d7000 	C:\Program Files\Java\jdk1.8.0_151\jre\bin\fontmanager.dll
0x00007ffb2a640000 - 0x00007ffb2a760000 	C:\WINDOWS\system32\opengl32.dll
0x00007ffb32640000 - 0x00007ffb3266c000 	C:\WINDOWS\SYSTEM32\GLU32.dll
0x0000000071ba0000 - 0x0000000071bba000 	C:\Program Files\Java\jdk1.8.0_151\jre\bin\net.dll
0x00007ffb39ee0000 - 0x00007ffb39f46000 	C:\WINDOWS\system32\mswsock.dll
0x0000000071b80000 - 0x0000000071b91000 	C:\Program Files\Java\jdk1.8.0_151\jre\bin\nio.dll
0x0000000071940000 - 0x0000000071982000 	C:\Program Files\Java\jdk1.8.0_151\jre\bin\t2k.dll
0x00000000718c0000 - 0x00000000718f1000 	C:\Program Files\Java\jdk1.8.0_151\jre\bin\jpeg.dll
0x00007ffb31ab0000 - 0x00007ffb31b47000 	C:\WINDOWS\System32\TextInputFramework.dll
0x00007ffb372a0000 - 0x00007ffb3737a000 	C:\WINDOWS\System32\CoreMessaging.dll
0x00007ffb22ec0000 - 0x00007ffb231de000 	C:\WINDOWS\System32\CoreUIComponents.dll
0x00007ffb39750000 - 0x00007ffb39781000 	C:\WINDOWS\SYSTEM32\ntmarta.dll
0x00007ffb35fc0000 - 0x00007ffb3610d000 	C:\WINDOWS\SYSTEM32\wintypes.dll
0x0000000071900000 - 0x000000007192a000 	C:\Program Files\Java\jdk1.8.0_151\jre\bin\dcpr.dll
0x00007ffb34cb0000 - 0x00007ffb34d01000 	C:\Users\USER\.javacpp\cache\opencv-windows-x86_64.jar\org\bytedeco\javacpp\windows-x86_64\concrt140.dll
0x00007ffb35920000 - 0x00007ffb35936000 	C:\Program Files\Java\jdk1.8.0_151\jre\bin\VCRUNTIME140.dll
0x00007ffb34c10000 - 0x00007ffb34cac000 	C:\Program Files\Java\jdk1.8.0_151\jre\bin\MSVCP140.dll
0x00007ffb317e0000 - 0x00007ffb3187d000 	C:\Users\USER\.javacpp\cache\opencv-windows-x86_64.jar\org\bytedeco\javacpp\windows-x86_64\msvcp140.dll
0x00007ffb35820000 - 0x00007ffb35837000 	C:\Users\USER\.javacpp\cache\opencv-windows-x86_64.jar\org\bytedeco\javacpp\windows-x86_64\vcruntime140.dll
0x000000001a8d0000 - 0x000000001a8d3000 	C:\Users\USER\.javacpp\cache\opencv-windows-x86_64.jar\org\bytedeco\javacpp\windows-x86_64\api-ms-win-crt-locale-l1-1-0.dll
0x000000001a8e0000 - 0x000000001a8e4000 	C:\Users\USER\.javacpp\cache\opencv-windows-x86_64.jar\org\bytedeco\javacpp\windows-x86_64\api-ms-win-crt-string-l1-1-0.dll
0x000000001a8f0000 - 0x000000001a8f4000 	C:\Users\USER\.javacpp\cache\opencv-windows-x86_64.jar\org\bytedeco\javacpp\windows-x86_64\api-ms-win-crt-stdio-l1-1-0.dll
0x000000001a900000 - 0x000000001a905000 	C:\Users\USER\.javacpp\cache\opencv-windows-x86_64.jar\org\bytedeco\javacpp\windows-x86_64\api-ms-win-crt-math-l1-1-0.dll
0x000000001a910000 - 0x000000001a913000 	C:\Users\USER\.javacpp\cache\opencv-windows-x86_64.jar\org\bytedeco\javacpp\windows-x86_64\api-ms-win-crt-heap-l1-1-0.dll
0x000000001a920000 - 0x000000001a924000 	C:\Users\USER\.javacpp\cache\opencv-windows-x86_64.jar\org\bytedeco\javacpp\windows-x86_64\api-ms-win-crt-runtime-l1-1-0.dll
0x000000001a930000 - 0x000000001a934000 	C:\Users\USER\.javacpp\cache\opencv-windows-x86_64.jar\org\bytedeco\javacpp\windows-x86_64\api-ms-win-crt-convert-l1-1-0.dll
0x000000001a940000 - 0x000000001a943000 	C:\Users\USER\.javacpp\cache\opencv-windows-x86_64.jar\org\bytedeco\javacpp\windows-x86_64\api-ms-win-crt-environment-l1-1-0.dll
0x000000001a950000 - 0x000000001a953000 	C:\Users\USER\.javacpp\cache\opencv-windows-x86_64.jar\org\bytedeco\javacpp\windows-x86_64\api-ms-win-crt-time-l1-1-0.dll
0x000000001d640000 - 0x000000001d643000 	C:\Users\USER\.javacpp\cache\opencv-windows-x86_64.jar\org\bytedeco\javacpp\windows-x86_64\api-ms-win-crt-filesystem-l1-1-0.dll
0x000000001d650000 - 0x000000001d653000 	C:\Users\USER\.javacpp\cache\opencv-windows-x86_64.jar\org\bytedeco\javacpp\windows-x86_64\api-ms-win-crt-utility-l1-1-0.dll
0x000000001d660000 - 0x000000001d665000 	C:\Users\USER\.javacpp\cache\opencv-windows-x86_64.jar\org\bytedeco\javacpp\windows-x86_64\api-ms-win-crt-multibyte-l1-1-0.dll
0x00007ffb0f970000 - 0x00007ffb0fc74000 	C:\Users\USER\.javacpp\cache\opencv-windows-x86_64.jar\org\bytedeco\javacpp\windows-x86_64\opencv_core341.dll
0x00007ffb0be80000 - 0x00007ffb0c285000 	C:\Users\USER\.javacpp\cache\opencv-windows-x86_64.jar\org\bytedeco\javacpp\windows-x86_64\opencv_imgproc341.dll
0x00007ffb0b680000 - 0x00007ffb0ba0e000 	C:\Users\USER\.javacpp\cache\opencv-windows-x86_64.jar\org\bytedeco\javacpp\windows-x86_64\jniopencv_core.dll
0x00007ffb1c750000 - 0x00007ffb1c8a6000 	C:\Users\USER\.javacpp\cache\opencv-windows-x86_64.jar\org\bytedeco\javacpp\windows-x86_64\jniopencv_imgproc.dll
0x00007ffb05c30000 - 0x00007ffb0607b000 	C:\Users\USER\.javacpp\cache\opencv-windows-x86_64.jar\org\bytedeco\javacpp\windows-x86_64\opencv_dnn341.dll
0x00007ffb2df80000 - 0x00007ffb2dff8000 	C:\Users\USER\.javacpp\cache\opencv-windows-x86_64.jar\org\bytedeco\javacpp\windows-x86_64\jniopencv_dnn.dll
0x00007ffb0f0b0000 - 0x00007ffb0f37f000 	C:\Users\USER\.javacpp\cache\opencv-windows-x86_64.jar\org\bytedeco\javacpp\windows-x86_64\opencv_imgcodecs341.dll
0x00007ffb317a0000 - 0x00007ffb317d4000 	C:\Users\USER\.javacpp\cache\opencv-windows-x86_64.jar\org\bytedeco\javacpp\windows-x86_64\jniopencv_imgcodecs.dll
0x00007ffb2dda0000 - 0x00007ffb2ddf1000 	C:\Users\USER\.javacpp\cache\opencv-windows-x86_64.jar\org\bytedeco\javacpp\windows-x86_64\opencv_videoio341.dll
0x00007ffb35010000 - 0x00007ffb35039000 	C:\WINDOWS\SYSTEM32\MSVFW32.dll
0x00007ffb357d0000 - 0x00007ffb357e8000 	C:\WINDOWS\SYSTEM32\AVICAP32.dll
0x00007ffb34bf0000 - 0x00007ffb34c0f000 	C:\WINDOWS\SYSTEM32\AVIFIL32.dll
0x00007ffb2df20000 - 0x00007ffb2df3c000 	C:\WINDOWS\SYSTEM32\MSACM32.dll
0x00007ffb31780000 - 0x00007ffb3179f000 	C:\Users\USER\.javacpp\cache\opencv-windows-x86_64.jar\org\bytedeco\javacpp\windows-x86_64\jniopencv_videoio.dll
0x00007ffb3d190000 - 0x00007ffb3d230000 	C:\WINDOWS\System32\clbcatq.dll
0x00007ffb2ed80000 - 0x00007ffb2ed97000 	C:\Windows\System32\devenum.dll
0x00007ffb3d710000 - 0x00007ffb3db5b000 	C:\WINDOWS\System32\setupapi.dll
0x00007ffb3a470000 - 0x00007ffb3a497000 	C:\WINDOWS\SYSTEM32\DEVOBJ.dll
0x00007ffb3a740000 - 0x00007ffb3a797000 	C:\WINDOWS\System32\WINTRUST.dll
0x00007ffb3a670000 - 0x00007ffb3a682000 	C:\WINDOWS\System32\MSASN1.dll
0x00007ffb3b5f0000 - 0x00007ffb3b7d2000 	C:\WINDOWS\System32\CRYPT32.dll
0x00007ffb35bd0000 - 0x00007ffb35bda000 	C:\WINDOWS\SYSTEM32\msdmo.dll
0x00007ffb221f0000 - 0x00007ffb22223000 	C:\Windows\System32\qcap.dll
0x00007ffb170d0000 - 0x00007ffb1728d000 	C:\Windows\System32\quartz.dll
0x00007ffb3a1c0000 - 0x00007ffb3a1e5000 	C:\Windows\System32\bcrypt.dll
0x00007ffb221a0000 - 0x00007ffb221eb000 	C:\Windows\System32\mfksproxy.dll
0x00007ffb2df60000 - 0x00007ffb2df7d000 	C:\Windows\System32\ATL.DLL
0x00007ffb31880000 - 0x00007ffb31a5b000 	C:\Windows\System32\MFPlat.DLL
0x00007ffb35130000 - 0x00007ffb3515e000 	C:\Windows\System32\RTWorkQ.DLL
0x00007ffb22150000 - 0x00007ffb2219e000 	C:\Windows\System32\MFSENSORGROUP.dll
0x00007ffb22100000 - 0x00007ffb22148000 	C:\Windows\System32\ksproxy.ax
0x00007ffb34b40000 - 0x00007ffb34b49000 	C:\Windows\System32\ksuser.dll
0x00007ffb14060000 - 0x00007ffb141f7000 	C:\Windows\System32\d3d9.dll
0x00007ffb362b0000 - 0x00007ffb3632f000 	C:\WINDOWS\SYSTEM32\policymanager.dll
0x00007ffb36210000 - 0x00007ffb362a1000 	C:\Windows\System32\msvcp110_win.dll
0x00007ffb35b70000 - 0x00007ffb35b7c000 	C:\Windows\System32\vidcap.ax
0x00007ffb2c130000 - 0x00007ffb2c156000 	C:\Windows\System32\kswdmcap.ax
0x00007ffb0c8d0000 - 0x00007ffb0ca34000 	C:\Windows\System32\MFC42.dll
0x00007ffb21e90000 - 0x00007ffb21f2f000 	C:\Windows\System32\qedit.dll
0x00007ffb3b7e0000 - 0x00007ffb3b8cd000 	C:\WINDOWS\System32\COMDLG32.dll
0x00007ffb2e4b0000 - 0x00007ffb2e64a000 	C:\WINDOWS\WinSxS\amd64_microsoft.windows.gdiplus_6595b64144ccf1df_1.1.17134.345_none_2c2d8d3e8af7dd26\gdiplus.dll
0x00007ffb18130000 - 0x00007ffb18226000 	C:\Windows\System32\DDRAW.dll
0x00007ffb39420000 - 0x00007ffb394db000 	C:\Windows\System32\dxgi.dll
0x00007ffb35ae0000 - 0x00007ffb35ae8000 	C:\Windows\System32\DCIMAN32.dll
0x00007ffb302e0000 - 0x00007ffb302ec000 	C:\WINDOWS\SYSTEM32\msyuv.dll
0x00007ffb265d0000 - 0x00007ffb265ee000 	C:\WINDOWS\SYSTEM32\OpenCL.dll
0x00007ffb1bb20000 - 0x00007ffb1bb8b000 	C:\Windows\System32\DriverStore\FileRepository\igdlh64.inf_amd64_41bd2db786ec9822\IntelOpenCL64.dll
0x00007ffb0b4a0000 - 0x00007ffb0b677000 	C:\Program Files (x86)\Common Files\Intel\OpenCL\bin\x64\intelocl64.dll
0x00007ffb17e80000 - 0x00007ffb17f1e000 	C:\Program Files (x86)\Common Files\Intel\OpenCL\bin\x64\task_executor64.dll
0x00007ffb0ed90000 - 0x00007ffb0ee68000 	C:\Program Files (x86)\Common Files\Intel\OpenCL\bin\x64\cpu_device64.dll
0x00007ffb05550000 - 0x00007ffb05c22000 	C:\Windows\System32\DriverStore\FileRepository\igdlh64.inf_amd64_41bd2db786ec9822\igdrcl64.dll
0x00007ffb1d2b0000 - 0x00007ffb1d2f7000 	C:\Windows\System32\DriverStore\FileRepository\igdlh64.inf_amd64_41bd2db786ec9822\igdfcl64.dll

VM Arguments:
jvm_args: -Dfile.encoding=UTF-8 -Djava.library.path=C:\opencv\build\java\x64 
java_command: gui.GUI_FaceRecog
java_class_path (initial): D:\netbeansProject\FaceRecognition\text to speech mbrola\cmu_time_awb.jar;D:\netbeansProject\FaceRecognition\text to speech mbrola\cmu_us_kal.jar;D:\netbeansProject\FaceRecognition\text to speech mbrola\cmudict04.jar;D:\netbeansProject\FaceRecognition\text to speech mbrola\cmulex.jar;D:\netbeansProject\FaceRecognition\text to speech mbrola\cmutimelex.jar;D:\netbeansProject\FaceRecognition\text to speech mbrola\en_us.jar;D:\netbeansProject\FaceRecognition\text to speech mbrola\freetts-jsapi10.jar;D:\netbeansProject\FaceRecognition\text to speech mbrola\freetts.jar;D:\netbeansProject\FaceRecognition\text to speech mbrola\mbrola.jar;D:\netbeansProject\FaceRecognition\javacv-bin\artoolkitplus-android-arm.jar;D:\netbeansProject\FaceRecognition\javacv-bin\artoolkitplus-android-arm64.jar;D:\netbeansProject\FaceRecognition\javacv-bin\artoolkitplus-android-x86.jar;D:\netbeansProject\FaceRecognition\javacv-bin\artoolkitplus-android-x86_64.jar;D:\netbeansProject\FaceRecognition\javacv-bin\artoolkitplus-linux-armhf.jar;D:\netbeansProject\FaceRecognition\javacv-bin\artoolkitplus-linux-ppc64le.jar;D:\netbeansProject\FaceRecognition\javacv-bin\artoolkitplus-linux-x86.jar;D:\netbeansProject\FaceRecognition\javacv-bin\artoolkitplus-linux-x86_64.jar;D:\netbeansProject\FaceRecognition\javacv-bin\artoolkitplus-macosx-x86_64.jar;D:\netbeansProject\FaceRecognition\javacv-bin\artoolkitplus-platform.jar;D:\netbeansProject\FaceRecognition\javacv-bin\artoolkitplus-windows-x86.jar;D:\netbeansProject\FaceRecognition\javacv-bin\artoolkitplus-windows-x86_64.jar;D:\netbeansProject\FaceRecognition\javacv-bin\artoolkitplus.jar;D:\netbeansProject\FaceRecognition\javacv-bin\ffmpeg-android-arm.jar;D:\netbeansProject\FaceRecognition\javacv-bin\ffmpeg-android-arm64.jar;D:\netbeansProject\FaceRecognition\javacv-bin\ffmpeg-android-x86.jar;D:\netbeansProject\FaceRecognition\javacv-bin\ffmpeg-android-x86_64.jar;D:\netbeansProject\FaceRecognition\javacv-bin\ffmpeg-linux-armhf.jar
Launcher Type: SUN_STANDARD

Environment Variables:
PATH=C:\Program Files (x86)\Common Files\Oracle\Java\javapath;C:\ProgramData\Oracle\Java\javapath;C:\Program Files (x86)\Intel\iCLS Client\;C:\Program Files\Intel\iCLS Client\;C:\WINDOWS\system32;C:\WINDOWS;C:\WINDOWS\System32\Wbem;C:\WINDOWS\System32\WindowsPowerShell\v1.0\;C:\Program Files (x86)\Intel\Intel(R) Management Engine Components\DAL;C:\Program Files\Intel\Intel(R) Management Engine Components\DAL;C:\Program Files (x86)\Intel\Intel(R) Management Engine Components\IPT;C:\Program Files\Intel\Intel(R) Management Engine Components\IPT;C:\WINDOWS\System32\OpenSSH\;C:\Program Files\Intel\WiFi\bin\;C:\Program Files\Common Files\Intel\WirelessCommon\;C:\Users\USER\AppData\Local\Microsoft\WindowsApps;
USERNAME=USER
OS=Windows_NT
PROCESSOR_IDENTIFIER=Intel64 Family 6 Model 142 Stepping 9, GenuineIntel



---------------  S Y S T E M  ---------------

OS: Windows 10.0 , 64 bit Build 17134 (10.0.17134.1)

CPU:total 4 (initial active 4) (2 cores per cpu, 2 threads per core) family 6 model 142 stepping 9, cmov, cx8, fxsr, mmx, sse, sse2, sse3, ssse3, sse4.1, sse4.2, popcnt, avx, avx2, aes, clmul, erms, 3dnowpref, lzcnt, ht, tsc, tscinvbit, bmi1, bmi2, adx

Memory: 4k page, physical 8269008k(4789108k free), swap 10104016k(5692460k free)

vm_info: Java HotSpot(TM) 64-Bit Server VM (25.151-b12) for windows-amd64 JRE (1.8.0_151-b12), built on Sep  5 2017 19:33:46 by "java_re" with MS VC++ 10.0 (VS2010)

time: Sun Oct 28 11:59:37 2018
elapsed time: 68 seconds (0d 0h 1m 8s)

