#
# A fatal error has been detected by the Java Runtime Environment:
#
#  EXCEPTION_ACCESS_VIOLATION (0xc0000005) at pc=0x00007ffb2ddb52e8, pid=9160, tid=0x00000000000017b8
#
# JRE version: Java(TM) SE Runtime Environment (8.0_151-b12) (build 1.8.0_151-b12)
# Java VM: Java HotSpot(TM) 64-Bit Server VM (25.151-b12 mixed mode windows-amd64 compressed oops)
# Problematic frame:
# C  [opencv_videoio341.dll+0x152e8]
#
# Failed to write core dump. Minidumps are not enabled by default on client versions of Windows
#
# If you would like to submit a bug report, please visit:
#   http://bugreport.java.com/bugreport/crash.jsp
# The crash happened outside the Java Virtual Machine in native code.
# See problematic frame for where to report the bug.
#

---------------  T H R E A D  ---------------

Current thread (0x0000000019e63800):  JavaThread "Thread-2" [_thread_in_native, id=6072, stack(0x000000001cfa0000,0x000000001d0a0000)]

siginfo: ExceptionCode=0xc0000005, reading address 0x0000000000000000

Registers:
RAX=0x0000000000000000, RBX=0x00007ffb2dde8ff0, RCX=0x0000000000000000, RDX=0x000000001bedb768
RSP=0x000000001d09ed20, RBP=0x000000001d09ee20, RSI=0x0000000000000000, RDI=0x000000001e34eb90
R8 =0x000000001e34ed4c, R9 =0x0000000000008000, R10=0x0000000000000040, R11=0x000000001d09ecf0
R12=0x000000001e34ebb8, R13=0x000000001e34ebc0, R14=0x0000000000000000, R15=0x0000000019e63800
RIP=0x00007ffb2ddb52e8, EFLAGS=0x0000000000010246

Top of Stack: (sp=0x000000001d09ed20)
0x000000001d09ed20:   00007ffb2dde8ff0 0000000000000000
0x000000001d09ed30:   000000001e34eb90 0000000000000000
0x000000001d09ed40:   000000001e34ec4c 0000000000000000
0x000000001d09ed50:   00000000011dd4a0 000000001d81bed0
0x000000001d09ed60:   0000000000000000 000000001beda7a0
0x000000001d09ed70:   0000000019e63800 0000000000000000
0x000000001d09ed80:   000000001d4d8038 000000001d81bed0
0x000000001d09ed90:   0000000000000000 0000000000000000
0x000000001d09eda0:   00007ffb2dde8ff0 00007ffb3bba98bc
0x000000001d09edb0:   00000000011dd970 000000001d81bed0
0x000000001d09edc0:   00007ffb2dde8ff0 00007ffb317871f7
0x000000001d09edd0:   00000000011dd970 00007ffb317846a0
0x000000001d09ede0:   00000000011dd970 000000001d81bed0
0x000000001d09edf0:   0000000000000000 0000000000000000
0x000000001d09ee00:   000009884cccba99 00007ffb2ddb24ca
0x000000001d09ee10:   0000000000000001 00007ffb2dde8ff0 

Instructions: (pc=0x00007ffb2ddb52e8)
0x00007ffb2ddb52c8:   00 e8 c2 ce ff ff 44 8b f0 85 c0 0f 88 48 05 00
0x00007ffb2ddb52d8:   00 49 8b 4d 00 4c 8d 87 bc 01 00 00 48 8b 57 40
0x00007ffb2ddb52e8:   48 8b 01 ff 50 18 48 8b 4f 28 48 8d 54 24 68 4c
0x00007ffb2ddb52f8:   8b 4f 40 4c 8d 05 8e 75 01 00 48 89 54 24 28 48 


Register to memory mapping:

RAX=0x0000000000000000 is an unknown value
RBX=0x00007ffb2dde8ff0 is an unknown value
RCX=0x0000000000000000 is an unknown value
RDX=0x000000001bedb768 is an unknown value
RSP=0x000000001d09ed20 is pointing into the stack for thread: 0x0000000019e63800
RBP=0x000000001d09ee20 is pointing into the stack for thread: 0x0000000019e63800
RSI=0x0000000000000000 is an unknown value
RDI=0x000000001e34eb90 is an unknown value
R8 =0x000000001e34ed4c is an unknown value
R9 =0x0000000000008000 is an unknown value
R10=0x0000000000000040 is an unknown value
R11=0x000000001d09ecf0 is pointing into the stack for thread: 0x0000000019e63800
R12=0x000000001e34ebb8 is an unknown value
R13=0x000000001e34ebc0 is an unknown value
R14=0x0000000000000000 is an unknown value
R15=0x0000000019e63800 is a thread


Stack: [0x000000001cfa0000,0x000000001d0a0000],  sp=0x000000001d09ed20,  free space=1019k
Native frames: (J=compiled Java code, j=interpreted, Vv=VM code, C=native code)
C  [opencv_videoio341.dll+0x152e8]
C  [opencv_videoio341.dll+0x137ac]
C  [opencv_videoio341.dll+0x10deb]
C  [opencv_videoio341.dll+0x1377]
C  [opencv_videoio341.dll+0x256c]
C  [opencv_videoio341.dll+0x322d]
C  [jniopencv_videoio.dll+0x6188]
C  0x0000000002d17f74

Java frames: (J=compiled Java code, j=interpreted, Vv=VM code)
j  org.bytedeco.javacpp.opencv_videoio$VideoCapture.open(I)Z+0
j  gui.DeepLearningFaceDetection.detector(I)V+47
j  gui.MyThread1.run()V+49
v  ~StubRoutines::call_stub

---------------  P R O C E S S  ---------------

Java Threads: ( => current thread )
  0x000000001c4cb800 JavaThread "My fav Thread-1" [_thread_blocked, id=7016, stack(0x000000001d980000,0x000000001da80000)]
  0x000000001c4cb000 JavaThread "My fav Thread-1" [_thread_blocked, id=6696, stack(0x000000001d880000,0x000000001d980000)]
  0x000000001c37d800 JavaThread "JavaCPP Deallocator" daemon [_thread_blocked, id=13676, stack(0x000000001d230000,0x000000001d330000)]
  0x0000000019e65000 JavaThread "Thread-3" [_thread_in_native, id=12972, stack(0x000000001d0a0000,0x000000001d1a0000)]
=>0x0000000019e63800 JavaThread "Thread-2" [_thread_in_native, id=6072, stack(0x000000001cfa0000,0x000000001d0a0000)]
  0x0000000019cca000 JavaThread "Image Animator 3" daemon [_thread_blocked, id=11776, stack(0x000000001af90000,0x000000001b090000)]
  0x0000000002c04000 JavaThread "DestroyJavaVM" [_thread_blocked, id=12016, stack(0x0000000002b00000,0x0000000002c00000)]
  0x0000000019caa000 JavaThread "AWT-EventQueue-0" [_thread_blocked, id=14360, stack(0x000000001ac90000,0x000000001ad90000)]
  0x0000000019bf8000 JavaThread "AWT-Windows" daemon [_thread_in_native, id=4304, stack(0x000000001a2c0000,0x000000001a3c0000)]
  0x0000000019bf5000 JavaThread "AWT-Shutdown" [_thread_blocked, id=13076, stack(0x000000001a1c0000,0x000000001a2c0000)]
  0x0000000019bf3800 JavaThread "Java2D Disposer" daemon [_thread_blocked, id=8904, stack(0x000000001a0c0000,0x000000001a1c0000)]
  0x00000000191bb000 JavaThread "Service Thread" daemon [_thread_blocked, id=12576, stack(0x0000000019580000,0x0000000019680000)]
  0x000000001783a000 JavaThread "C1 CompilerThread2" daemon [_thread_blocked, id=11120, stack(0x0000000019080000,0x0000000019180000)]
  0x0000000017835800 JavaThread "C2 CompilerThread1" daemon [_thread_blocked, id=11764, stack(0x0000000018f80000,0x0000000019080000)]
  0x0000000017833000 JavaThread "C2 CompilerThread0" daemon [_thread_blocked, id=5296, stack(0x0000000018e80000,0x0000000018f80000)]
  0x0000000017830800 JavaThread "Attach Listener" daemon [_thread_blocked, id=568, stack(0x0000000018d80000,0x0000000018e80000)]
  0x0000000017830000 JavaThread "Signal Dispatcher" daemon [_thread_blocked, id=7856, stack(0x0000000018c80000,0x0000000018d80000)]
  0x000000001781f000 JavaThread "Finalizer" daemon [_thread_blocked, id=14060, stack(0x0000000018a90000,0x0000000018b90000)]
  0x0000000002cf6000 JavaThread "Reference Handler" daemon [_thread_blocked, id=7672, stack(0x0000000018990000,0x0000000018a90000)]

Other Threads:
  0x00000000177f7800 VMThread [stack: 0x0000000018890000,0x0000000018990000] [id=14784]
  0x000000001921f000 WatcherThread [stack: 0x0000000019680000,0x0000000019780000] [id=12636]

VM state:not at safepoint (normal execution)

VM Mutex/Monitor currently owned by a thread: None

Heap:
 PSYoungGen      total 38400K, used 30888K [0x00000000d5f00000, 0x00000000daa00000, 0x0000000100000000)
  eden space 33280K, 77% used [0x00000000d5f00000,0x00000000d782fa80,0x00000000d7f80000)
  from space 5120K, 99% used [0x00000000d8480000,0x00000000d897a5f8,0x00000000d8980000)
  to   space 5120K, 0% used [0x00000000d7f80000,0x00000000d7f80000,0x00000000d8480000)
 ParOldGen       total 87552K, used 1671K [0x0000000081c00000, 0x0000000087180000, 0x00000000d5f00000)
  object space 87552K, 1% used [0x0000000081c00000,0x0000000081da1ce0,0x0000000087180000)
 Metaspace       used 15939K, capacity 16086K, committed 16384K, reserved 1062912K
  class space    used 1911K, capacity 1989K, committed 2048K, reserved 1048576K

Card table byte_map: [0x00000000120c0000,0x00000000124c0000] byte_map_base: 0x0000000011cb2000

Marking Bits: (ParMarkBitMap*) 0x000000007255d850
 Begin Bits: [0x0000000012b70000, 0x0000000014b00000)
 End Bits:   [0x0000000014b00000, 0x0000000016a90000)

Polling page: 0x00000000011b0000

CodeCache: size=245760Kb used=4986Kb max_used=4986Kb free=240773Kb
 bounds [0x0000000002d00000, 0x00000000031f0000, 0x0000000011d00000]
 total_blobs=1982 nmethods=1368 adapters=526
 compilation: enabled

Compilation events (10 events):
Event: 4.505 Thread 0x000000001783a000 1364       3       javax.swing.JComponent::getBounds (50 bytes)
Event: 4.506 Thread 0x000000001783a000 nmethod 1364 0x00000000031d7850 code [0x00000000031d7a40, 0x00000000031d8650]
Event: 4.506 Thread 0x000000001783a000 1365   !   3       sun.java2d.SunGraphics2D::hitClip (269 bytes)
Event: 4.507 Thread 0x000000001783a000 nmethod 1365 0x00000000031d5e90 code [0x00000000031d6220, 0x00000000031d7108]
Event: 4.507 Thread 0x000000001783a000 1366       3       sun.java2d.pipe.Region::intersectsQuickCheckXYXY (39 bytes)
Event: 4.508 Thread 0x000000001783a000 nmethod 1366 0x00000000031d5a10 code [0x00000000031d5b80, 0x00000000031d5df0]
Event: 4.508 Thread 0x000000001783a000 1362       3       javax.swing.plaf.synth.SynthPanelUI::getContext (11 bytes)
Event: 4.508 Thread 0x000000001783a000 nmethod 1362 0x00000000031d4490 code [0x00000000031d46c0, 0x00000000031d52e8]
Event: 4.508 Thread 0x000000001783a000 1363       3       javax.swing.plaf.synth.SynthPanelUI::getComponentState (5 bytes)
Event: 4.509 Thread 0x000000001783a000 nmethod 1363 0x00000000031e0cd0 code [0x00000000031e0e80, 0x00000000031e15c8]

GC Heap History (4 events):
Event: 3.794 GC heap before
{Heap before GC invocations=1 (full 0):
 PSYoungGen      total 38400K, used 33280K [0x00000000d5f00000, 0x00000000d8980000, 0x0000000100000000)
  eden space 33280K, 100% used [0x00000000d5f00000,0x00000000d7f80000,0x00000000d7f80000)
  from space 5120K, 0% used [0x00000000d8480000,0x00000000d8480000,0x00000000d8980000)
  to   space 5120K, 0% used [0x00000000d7f80000,0x00000000d7f80000,0x00000000d8480000)
 ParOldGen       total 87552K, used 0K [0x0000000081c00000, 0x0000000087180000, 0x00000000d5f00000)
  object space 87552K, 0% used [0x0000000081c00000,0x0000000081c00000,0x0000000087180000)
 Metaspace       used 14450K, capacity 14678K, committed 14976K, reserved 1062912K
  class space    used 1714K, capacity 1797K, committed 1920K, reserved 1048576K
Event: 3.801 GC heap after
Heap after GC invocations=1 (full 0):
 PSYoungGen      total 38400K, used 5113K [0x00000000d5f00000, 0x00000000d8980000, 0x0000000100000000)
  eden space 33280K, 0% used [0x00000000d5f00000,0x00000000d5f00000,0x00000000d7f80000)
  from space 5120K, 99% used [0x00000000d7f80000,0x00000000d847e6c0,0x00000000d8480000)
  to   space 5120K, 0% used [0x00000000d8480000,0x00000000d8480000,0x00000000d8980000)
 ParOldGen       total 87552K, used 942K [0x0000000081c00000, 0x0000000087180000, 0x00000000d5f00000)
  object space 87552K, 1% used [0x0000000081c00000,0x0000000081ceb9a8,0x0000000087180000)
 Metaspace       used 14450K, capacity 14678K, committed 14976K, reserved 1062912K
  class space    used 1714K, capacity 1797K, committed 1920K, reserved 1048576K
}
Event: 4.076 GC heap before
{Heap before GC invocations=2 (full 0):
 PSYoungGen      total 38400K, used 38393K [0x00000000d5f00000, 0x00000000d8980000, 0x0000000100000000)
  eden space 33280K, 100% used [0x00000000d5f00000,0x00000000d7f80000,0x00000000d7f80000)
  from space 5120K, 99% used [0x00000000d7f80000,0x00000000d847e6c0,0x00000000d8480000)
  to   space 5120K, 0% used [0x00000000d8480000,0x00000000d8480000,0x00000000d8980000)
 ParOldGen       total 87552K, used 942K [0x0000000081c00000, 0x0000000087180000, 0x00000000d5f00000)
  object space 87552K, 1% used [0x0000000081c00000,0x0000000081ceb9a8,0x0000000087180000)
 Metaspace       used 15682K, capacity 15894K, committed 16128K, reserved 1062912K
  class space    used 1883K, capacity 1989K, committed 2048K, reserved 1048576K
Event: 4.082 GC heap after
Heap after GC invocations=2 (full 0):
 PSYoungGen      total 38400K, used 5097K [0x00000000d5f00000, 0x00000000daa00000, 0x0000000100000000)
  eden space 33280K, 0% used [0x00000000d5f00000,0x00000000d5f00000,0x00000000d7f80000)
  from space 5120K, 99% used [0x00000000d8480000,0x00000000d897a5f8,0x00000000d8980000)
  to   space 5120K, 0% used [0x00000000d7f80000,0x00000000d7f80000,0x00000000d8480000)
 ParOldGen       total 87552K, used 1671K [0x0000000081c00000, 0x0000000087180000, 0x00000000d5f00000)
  object space 87552K, 1% used [0x0000000081c00000,0x0000000081da1ce0,0x0000000087180000)
 Metaspace       used 15682K, capacity 15894K, committed 16128K, reserved 1062912K
  class space    used 1883K, capacity 1989K, committed 2048K, reserved 1048576K
}

Deoptimization events (6 events):
Event: 0.189 Thread 0x0000000002c04000 Uncommon trap: reason=unstable_if action=reinterpret pc=0x0000000002e0ebf8 method=java.lang.String.hashCode()I @ 14
Event: 0.425 Thread 0x0000000019caa000 Uncommon trap: reason=unstable_if action=reinterpret pc=0x0000000002eedb00 method=java.lang.AbstractStringBuilder.append(Ljava/lang/String;)Ljava/lang/AbstractStringBuilder; @ 1
Event: 0.477 Thread 0x0000000019cca000 Uncommon trap: reason=unstable_if action=reinterpret pc=0x0000000002f093f8 method=java.lang.String.<init>([CII)V @ 18
Event: 0.496 Thread 0x0000000019bf8000 Uncommon trap: reason=unstable_if action=reinterpret pc=0x0000000002f39b78 method=java.util.HashMap.putVal(ILjava/lang/Object;Ljava/lang/Object;ZZ)Ljava/lang/Object; @ 206
Event: 0.496 Thread 0x0000000019bf8000 Uncommon trap: reason=unstable_if action=reinterpret pc=0x0000000002f2a6a8 method=java.util.HashMap.putVal(ILjava/lang/Object;Ljava/lang/Object;ZZ)Ljava/lang/Object; @ 206
Event: 4.411 Thread 0x0000000019e63800 Uncommon trap: reason=unstable_if action=reinterpret pc=0x0000000003188d18 method=sun.misc.URLClassPath$FileLoader.getResource(Ljava/lang/String;Z)Lsun/misc/Resource; @ 139

Internal exceptions (10 events):
Event: 0.383 Thread 0x0000000002c04000 Exception <a 'java/lang/ClassNotFoundException': javax/swing/JToolBarSeparator> (0x00000000d650cd18) thrown at [C:\re\workspace\8-2-build-windows-amd64-cygwin\jdk8u151\9699\hotspot\src\share\vm\classfile\systemDictionary.cpp, line 210]
Event: 0.383 Thread 0x0000000002c04000 Exception <a 'java/lang/ClassNotFoundException': ToolBarSeparator> (0x00000000d650d1b0) thrown at [C:\re\workspace\8-2-build-windows-amd64-cygwin\jdk8u151\9699\hotspot\src\share\vm\classfile\systemDictionary.cpp, line 210]
Event: 0.384 Thread 0x0000000002c04000 Exception <a 'java/lang/ClassNotFoundException': ToolTip> (0x00000000d650d8f0) thrown at [C:\re\workspace\8-2-build-windows-amd64-cygwin\jdk8u151\9699\hotspot\src\share\vm\classfile\systemDictionary.cpp, line 210]
Event: 0.385 Thread 0x0000000002c04000 Exception <a 'java/lang/ClassNotFoundException': Tree> (0x00000000d650e510) thrown at [C:\re\workspace\8-2-build-windows-amd64-cygwin\jdk8u151\9699\hotspot\src\share\vm\classfile\systemDictionary.cpp, line 210]
Event: 0.385 Thread 0x0000000002c04000 Exception <a 'java/lang/ClassNotFoundException': Tree> (0x00000000d650ec50) thrown at [C:\re\workspace\8-2-build-windows-amd64-cygwin\jdk8u151\9699\hotspot\src\share\vm\classfile\systemDictionary.cpp, line 210]
Event: 0.385 Thread 0x0000000002c04000 Exception <a 'java/lang/ClassNotFoundException': javax/swing/JTreeCell> (0x00000000d650efd0) thrown at [C:\re\workspace\8-2-build-windows-amd64-cygwin\jdk8u151\9699\hotspot\src\share\vm\classfile\systemDictionary.cpp, line 210]
Event: 0.385 Thread 0x0000000002c04000 Exception <a 'java/lang/ClassNotFoundException': TreeCell> (0x00000000d650f458) thrown at [C:\re\workspace\8-2-build-windows-amd64-cygwin\jdk8u151\9699\hotspot\src\share\vm\classfile\systemDictionary.cpp, line 210]
Event: 0.385 Thread 0x0000000002c04000 Exception <a 'java/lang/ClassNotFoundException': RootPane> (0x00000000d650feb8) thrown at [C:\re\workspace\8-2-build-windows-amd64-cygwin\jdk8u151\9699\hotspot\src\share\vm\classfile\systemDictionary.cpp, line 210]
Event: 0.425 Thread 0x0000000019caa000 Implicit null exception at 0x0000000002eed756 to 0x0000000002eedae9
Event: 0.493 Thread 0x0000000019cca000 Exception <a 'java/lang/InterruptedException': sleep interrupted> (0x00000000d67feae8) thrown at [C:\re\workspace\8-2-build-windows-amd64-cygwin\jdk8u151\9699\hotspot\src\share\vm\prims\jvm.cpp, line 3180]

Events (10 events):
Event: 4.416 loading class java/util/Scanner$1
Event: 4.416 loading class sun/misc/LRUCache
Event: 4.416 loading class sun/misc/LRUCache done
Event: 4.416 loading class java/util/Scanner$1 done
Event: 4.416 loading class java/util/Locale$Category
Event: 4.416 loading class java/util/Locale$Category done
Event: 4.417 loading class java/util/Locale$1
Event: 4.417 loading class java/util/Locale$1 done
Event: 4.417 Thread 0x000000001c4cb000 Thread added: 0x000000001c4cb000
Event: 4.417 Thread 0x000000001c4cb800 Thread added: 0x000000001c4cb800


Dynamic libraries:
0x00007ff650b20000 - 0x00007ff650b57000 	C:\Program Files\Java\jdk1.8.0_151\bin\java.exe
0x00007ffb3e350000 - 0x00007ffb3e531000 	C:\WINDOWS\SYSTEM32\ntdll.dll
0x00007ffb3e070000 - 0x00007ffb3e122000 	C:\WINDOWS\System32\KERNEL32.DLL
0x00007ffb3af00000 - 0x00007ffb3b173000 	C:\WINDOWS\System32\KERNELBASE.dll
0x00007ffb3bc90000 - 0x00007ffb3bd31000 	C:\WINDOWS\System32\ADVAPI32.dll
0x00007ffb3bb90000 - 0x00007ffb3bc2e000 	C:\WINDOWS\System32\msvcrt.dll
0x00007ffb3b9a0000 - 0x00007ffb3b9fb000 	C:\WINDOWS\System32\sechost.dll
0x00007ffb3ba00000 - 0x00007ffb3bb24000 	C:\WINDOWS\System32\RPCRT4.dll
0x00007ffb3d3d0000 - 0x00007ffb3d560000 	C:\WINDOWS\System32\USER32.dll
0x00007ffb3a720000 - 0x00007ffb3a740000 	C:\WINDOWS\System32\win32u.dll
0x00007ffb3d6e0000 - 0x00007ffb3d708000 	C:\WINDOWS\System32\GDI32.dll
0x00007ffb3b180000 - 0x00007ffb3b312000 	C:\WINDOWS\System32\gdi32full.dll
0x00007ffb3b320000 - 0x00007ffb3b3bf000 	C:\WINDOWS\System32\msvcp_win.dll
0x00007ffb3b4f0000 - 0x00007ffb3b5ea000 	C:\WINDOWS\System32\ucrtbase.dll
0x00007ffb21760000 - 0x00007ffb219c9000 	C:\WINDOWS\WinSxS\amd64_microsoft.windows.common-controls_6595b64144ccf1df_6.0.17134.345_none_fb429a5930656358\COMCTL32.dll
0x00007ffb3db60000 - 0x00007ffb3de83000 	C:\WINDOWS\System32\combase.dll
0x00007ffb3b3c0000 - 0x00007ffb3b43a000 	C:\WINDOWS\System32\bcryptPrimitives.dll
0x00007ffb3e040000 - 0x00007ffb3e06d000 	C:\WINDOWS\System32\IMM32.DLL
0x0000000071c60000 - 0x0000000071d32000 	C:\Program Files\Java\jdk1.8.0_151\jre\bin\msvcr100.dll
0x0000000071d40000 - 0x00000000725dd000 	C:\Program Files\Java\jdk1.8.0_151\jre\bin\server\jvm.dll
0x00007ffb3d180000 - 0x00007ffb3d188000 	C:\WINDOWS\System32\PSAPI.DLL
0x00007ffb2e300000 - 0x00007ffb2e309000 	C:\WINDOWS\SYSTEM32\WSOCK32.dll
0x00007ffb3df40000 - 0x00007ffb3dfac000 	C:\WINDOWS\System32\WS2_32.dll
0x00007ffb2e650000 - 0x00007ffb2e673000 	C:\WINDOWS\SYSTEM32\WINMM.dll
0x00007ffb2dc90000 - 0x00007ffb2dc9a000 	C:\WINDOWS\SYSTEM32\VERSION.dll
0x00007ffb2e480000 - 0x00007ffb2e4aa000 	C:\WINDOWS\SYSTEM32\WINMMBASE.dll
0x00007ffb3a7a0000 - 0x00007ffb3a7e9000 	C:\WINDOWS\System32\cfgmgr32.dll
0x0000000071c10000 - 0x0000000071c1f000 	C:\Program Files\Java\jdk1.8.0_151\jre\bin\verify.dll
0x0000000071be0000 - 0x0000000071c09000 	C:\Program Files\Java\jdk1.8.0_151\jre\bin\java.dll
0x0000000071bc0000 - 0x0000000071bd6000 	C:\Program Files\Java\jdk1.8.0_151\jre\bin\zip.dll
0x00007ffb3bd40000 - 0x00007ffb3d17f000 	C:\WINDOWS\System32\SHELL32.dll
0x00007ffb3de90000 - 0x00007ffb3df39000 	C:\WINDOWS\System32\shcore.dll
0x00007ffb3a7f0000 - 0x00007ffb3aefd000 	C:\WINDOWS\System32\windows.storage.dll
0x00007ffb3bc30000 - 0x00007ffb3bc81000 	C:\WINDOWS\System32\shlwapi.dll
0x00007ffb3a6b0000 - 0x00007ffb3a6c1000 	C:\WINDOWS\System32\kernel.appcore.dll
0x00007ffb3a690000 - 0x00007ffb3a6af000 	C:\WINDOWS\System32\profapi.dll
0x00007ffb3a6d0000 - 0x00007ffb3a71c000 	C:\WINDOWS\System32\powrprof.dll
0x00007ffb3a660000 - 0x00007ffb3a66a000 	C:\WINDOWS\System32\FLTLIB.DLL
0x00000000719e0000 - 0x0000000071b78000 	C:\Program Files\Java\jdk1.8.0_151\jre\bin\awt.dll
0x00007ffb3b8d0000 - 0x00007ffb3b992000 	C:\WINDOWS\System32\OLEAUT32.dll
0x00007ffb377e0000 - 0x00007ffb3786b000 	C:\WINDOWS\SYSTEM32\apphelp.dll
0x00007ffb37980000 - 0x00007ffb37a18000 	C:\WINDOWS\system32\uxtheme.dll
0x00007ffb3d560000 - 0x00007ffb3d6d4000 	C:\WINDOWS\System32\MSCTF.dll
0x00007ffb38c70000 - 0x00007ffb38c99000 	C:\WINDOWS\system32\dwmapi.dll
0x00007ffb3e130000 - 0x00007ffb3e281000 	C:\WINDOWS\System32\ole32.dll
0x0000000071990000 - 0x00000000719d7000 	C:\Program Files\Java\jdk1.8.0_151\jre\bin\fontmanager.dll
0x00007ffb2a640000 - 0x00007ffb2a760000 	C:\WINDOWS\system32\opengl32.dll
0x00007ffb32640000 - 0x00007ffb3266c000 	C:\WINDOWS\SYSTEM32\GLU32.dll
0x0000000071ba0000 - 0x0000000071bba000 	C:\Program Files\Java\jdk1.8.0_151\jre\bin\net.dll
0x00007ffb39ee0000 - 0x00007ffb39f46000 	C:\WINDOWS\system32\mswsock.dll
0x0000000071b80000 - 0x0000000071b91000 	C:\Program Files\Java\jdk1.8.0_151\jre\bin\nio.dll
0x0000000071940000 - 0x0000000071982000 	C:\Program Files\Java\jdk1.8.0_151\jre\bin\t2k.dll
0x00000000718c0000 - 0x00000000718f1000 	C:\Program Files\Java\jdk1.8.0_151\jre\bin\jpeg.dll
0x00007ffb31ab0000 - 0x00007ffb31b47000 	C:\WINDOWS\System32\TextInputFramework.dll
0x00007ffb22ec0000 - 0x00007ffb231de000 	C:\WINDOWS\System32\CoreUIComponents.dll
0x00007ffb372a0000 - 0x00007ffb3737a000 	C:\WINDOWS\System32\CoreMessaging.dll
0x00007ffb39750000 - 0x00007ffb39781000 	C:\WINDOWS\SYSTEM32\ntmarta.dll
0x00007ffb35fc0000 - 0x00007ffb3610d000 	C:\WINDOWS\SYSTEM32\wintypes.dll
0x0000000071900000 - 0x000000007192a000 	C:\Program Files\Java\jdk1.8.0_151\jre\bin\dcpr.dll
0x00007ffb34cb0000 - 0x00007ffb34d01000 	C:\Users\USER\.javacpp\cache\opencv-windows-x86_64.jar\org\bytedeco\javacpp\windows-x86_64\concrt140.dll
0x00007ffb35920000 - 0x00007ffb35936000 	C:\Program Files\Java\jdk1.8.0_151\jre\bin\VCRUNTIME140.dll
0x00007ffb34c10000 - 0x00007ffb34cac000 	C:\Program Files\Java\jdk1.8.0_151\jre\bin\MSVCP140.dll
0x00007ffb317e0000 - 0x00007ffb3187d000 	C:\Users\USER\.javacpp\cache\opencv-windows-x86_64.jar\org\bytedeco\javacpp\windows-x86_64\msvcp140.dll
0x00007ffb35820000 - 0x00007ffb35837000 	C:\Users\USER\.javacpp\cache\opencv-windows-x86_64.jar\org\bytedeco\javacpp\windows-x86_64\vcruntime140.dll
0x00000000029a0000 - 0x00000000029a3000 	C:\Users\USER\.javacpp\cache\opencv-windows-x86_64.jar\org\bytedeco\javacpp\windows-x86_64\api-ms-win-crt-locale-l1-1-0.dll
0x00000000029b0000 - 0x00000000029b4000 	C:\Users\USER\.javacpp\cache\opencv-windows-x86_64.jar\org\bytedeco\javacpp\windows-x86_64\api-ms-win-crt-string-l1-1-0.dll
0x00000000029c0000 - 0x00000000029c4000 	C:\Users\USER\.javacpp\cache\opencv-windows-x86_64.jar\org\bytedeco\javacpp\windows-x86_64\api-ms-win-crt-stdio-l1-1-0.dll
0x00000000029d0000 - 0x00000000029d5000 	C:\Users\USER\.javacpp\cache\opencv-windows-x86_64.jar\org\bytedeco\javacpp\windows-x86_64\api-ms-win-crt-math-l1-1-0.dll
0x00000000029e0000 - 0x00000000029e3000 	C:\Users\USER\.javacpp\cache\opencv-windows-x86_64.jar\org\bytedeco\javacpp\windows-x86_64\api-ms-win-crt-heap-l1-1-0.dll
0x000000001d1a0000 - 0x000000001d1a4000 	C:\Users\USER\.javacpp\cache\opencv-windows-x86_64.jar\org\bytedeco\javacpp\windows-x86_64\api-ms-win-crt-runtime-l1-1-0.dll
0x000000001d1b0000 - 0x000000001d1b4000 	C:\Users\USER\.javacpp\cache\opencv-windows-x86_64.jar\org\bytedeco\javacpp\windows-x86_64\api-ms-win-crt-convert-l1-1-0.dll
0x000000001d1c0000 - 0x000000001d1c3000 	C:\Users\USER\.javacpp\cache\opencv-windows-x86_64.jar\org\bytedeco\javacpp\windows-x86_64\api-ms-win-crt-environment-l1-1-0.dll
0x000000001d1d0000 - 0x000000001d1d3000 	C:\Users\USER\.javacpp\cache\opencv-windows-x86_64.jar\org\bytedeco\javacpp\windows-x86_64\api-ms-win-crt-time-l1-1-0.dll
0x000000001d1e0000 - 0x000000001d1e3000 	C:\Users\USER\.javacpp\cache\opencv-windows-x86_64.jar\org\bytedeco\javacpp\windows-x86_64\api-ms-win-crt-filesystem-l1-1-0.dll
0x000000001d1f0000 - 0x000000001d1f3000 	C:\Users\USER\.javacpp\cache\opencv-windows-x86_64.jar\org\bytedeco\javacpp\windows-x86_64\api-ms-win-crt-utility-l1-1-0.dll
0x000000001d200000 - 0x000000001d205000 	C:\Users\USER\.javacpp\cache\opencv-windows-x86_64.jar\org\bytedeco\javacpp\windows-x86_64\api-ms-win-crt-multibyte-l1-1-0.dll
0x00007ffb0f970000 - 0x00007ffb0fc74000 	C:\Users\USER\.javacpp\cache\opencv-windows-x86_64.jar\org\bytedeco\javacpp\windows-x86_64\opencv_core341.dll
0x00007ffb0be80000 - 0x00007ffb0c285000 	C:\Users\USER\.javacpp\cache\opencv-windows-x86_64.jar\org\bytedeco\javacpp\windows-x86_64\opencv_imgproc341.dll
0x00007ffb0b680000 - 0x00007ffb0ba0e000 	C:\Users\USER\.javacpp\cache\opencv-windows-x86_64.jar\org\bytedeco\javacpp\windows-x86_64\jniopencv_core.dll
0x00007ffb1c750000 - 0x00007ffb1c8a6000 	C:\Users\USER\.javacpp\cache\opencv-windows-x86_64.jar\org\bytedeco\javacpp\windows-x86_64\jniopencv_imgproc.dll
0x00007ffb05c30000 - 0x00007ffb0607b000 	C:\Users\USER\.javacpp\cache\opencv-windows-x86_64.jar\org\bytedeco\javacpp\windows-x86_64\opencv_dnn341.dll
0x00007ffb2df80000 - 0x00007ffb2dff8000 	C:\Users\USER\.javacpp\cache\opencv-windows-x86_64.jar\org\bytedeco\javacpp\windows-x86_64\jniopencv_dnn.dll
0x00007ffb0f0b0000 - 0x00007ffb0f37f000 	C:\Users\USER\.javacpp\cache\opencv-windows-x86_64.jar\org\bytedeco\javacpp\windows-x86_64\opencv_imgcodecs341.dll
0x00007ffb317a0000 - 0x00007ffb317d4000 	C:\Users\USER\.javacpp\cache\opencv-windows-x86_64.jar\org\bytedeco\javacpp\windows-x86_64\jniopencv_imgcodecs.dll
0x00007ffb2dda0000 - 0x00007ffb2ddf1000 	C:\Users\USER\.javacpp\cache\opencv-windows-x86_64.jar\org\bytedeco\javacpp\windows-x86_64\opencv_videoio341.dll
0x00007ffb357d0000 - 0x00007ffb357e8000 	C:\WINDOWS\SYSTEM32\AVICAP32.dll
0x00007ffb2c130000 - 0x00007ffb2c159000 	C:\WINDOWS\SYSTEM32\MSVFW32.dll
0x00007ffb35020000 - 0x00007ffb3503f000 	C:\WINDOWS\SYSTEM32\AVIFIL32.dll
0x00007ffb2df20000 - 0x00007ffb2df3c000 	C:\WINDOWS\SYSTEM32\MSACM32.dll
0x00007ffb34bf0000 - 0x00007ffb34c0f000 	C:\Users\USER\.javacpp\cache\opencv-windows-x86_64.jar\org\bytedeco\javacpp\windows-x86_64\jniopencv_videoio.dll
0x00007ffb3d190000 - 0x00007ffb3d230000 	C:\WINDOWS\System32\clbcatq.dll
0x00007ffb31780000 - 0x00007ffb31797000 	C:\Windows\System32\devenum.dll
0x00007ffb3d710000 - 0x00007ffb3db5b000 	C:\WINDOWS\System32\setupapi.dll
0x00007ffb3a470000 - 0x00007ffb3a497000 	C:\WINDOWS\SYSTEM32\DEVOBJ.dll
0x00007ffb3a740000 - 0x00007ffb3a797000 	C:\WINDOWS\System32\WINTRUST.dll
0x00007ffb3a670000 - 0x00007ffb3a682000 	C:\WINDOWS\System32\MSASN1.dll
0x00007ffb3b5f0000 - 0x00007ffb3b7d2000 	C:\WINDOWS\System32\CRYPT32.dll
0x00007ffb35bd0000 - 0x00007ffb35bda000 	C:\WINDOWS\SYSTEM32\msdmo.dll
0x00007ffb221f0000 - 0x00007ffb22223000 	C:\Windows\System32\qcap.dll
0x00007ffb170d0000 - 0x00007ffb1728d000 	C:\Windows\System32\quartz.dll
0x00007ffb3a1c0000 - 0x00007ffb3a1e5000 	C:\Windows\System32\bcrypt.dll
0x00007ffb221a0000 - 0x00007ffb221eb000 	C:\Windows\System32\mfksproxy.dll
0x00007ffb2ed80000 - 0x00007ffb2ed9d000 	C:\Windows\System32\ATL.DLL
0x00007ffb31880000 - 0x00007ffb31a5b000 	C:\Windows\System32\MFPlat.DLL
0x00007ffb35130000 - 0x00007ffb3515e000 	C:\Windows\System32\RTWorkQ.DLL
0x00007ffb22150000 - 0x00007ffb2219e000 	C:\Windows\System32\MFSENSORGROUP.dll
0x00007ffb35b70000 - 0x00007ffb35b78000 	C:\WINDOWS\SYSTEM32\DCIMAN32.DLL
0x00007ffb313c0000 - 0x00007ffb31436000 	C:\WINDOWS\SYSTEM32\MMDevAPI.DLL
0x00007ffb38ab0000 - 0x00007ffb38c64000 	C:\WINDOWS\SYSTEM32\PROPSYS.dll
0x00007ffb22100000 - 0x00007ffb22148000 	C:\Windows\System32\ksproxy.ax
0x00007ffb34b40000 - 0x00007ffb34b49000 	C:\Windows\System32\ksuser.dll
0x00007ffb14060000 - 0x00007ffb141f7000 	C:\Windows\System32\d3d9.dll
0x00007ffb21e40000 - 0x00007ffb21e84000 	C:\WINDOWS\SYSTEM32\wdmaud.drv
0x00007ffb357b0000 - 0x00007ffb357ba000 	C:\WINDOWS\SYSTEM32\AVRT.dll
0x00007ffb362b0000 - 0x00007ffb3632f000 	C:\WINDOWS\SYSTEM32\policymanager.dll
0x00007ffb36210000 - 0x00007ffb362a1000 	C:\Windows\System32\msvcp110_win.dll
0x00007ffb25bc0000 - 0x00007ffb25cec000 	C:\WINDOWS\SYSTEM32\AUDIOSES.DLL
0x00007ffb2df40000 - 0x00007ffb2df4d000 	C:\WINDOWS\SYSTEM32\msacm32.drv
0x00007ffb2a3e0000 - 0x00007ffb2a3ea000 	C:\WINDOWS\SYSTEM32\midimap.dll
0x00007ffb2df60000 - 0x00007ffb2df75000 	C:\WINDOWS\SYSTEM32\vfwwdm32.dll
0x00007ffb35ae0000 - 0x00007ffb35aec000 	C:\Windows\System32\vidcap.ax
0x00007ffb265c0000 - 0x00007ffb265e6000 	C:\Windows\System32\kswdmcap.ax
0x00007ffb0c8d0000 - 0x00007ffb0ca34000 	C:\Windows\System32\MFC42.dll
0x00007ffb39060000 - 0x00007ffb39229000 	C:\WINDOWS\SYSTEM32\dbghelp.dll

VM Arguments:
jvm_args: -Dfile.encoding=UTF-8 -Djava.library.path=C:\opencv\build\java\x64 
java_command: gui.GUI_FaceRecog
java_class_path (initial): D:\netbeansProject\FaceRecognition\text to speech mbrola\cmu_time_awb.jar;D:\netbeansProject\FaceRecognition\text to speech mbrola\cmu_us_kal.jar;D:\netbeansProject\FaceRecognition\text to speech mbrola\cmudict04.jar;D:\netbeansProject\FaceRecognition\text to speech mbrola\cmulex.jar;D:\netbeansProject\FaceRecognition\text to speech mbrola\cmutimelex.jar;D:\netbeansProject\FaceRecognition\text to speech mbrola\en_us.jar;D:\netbeansProject\FaceRecognition\text to speech mbrola\freetts-jsapi10.jar;D:\netbeansProject\FaceRecognition\text to speech mbrola\freetts.jar;D:\netbeansProject\FaceRecognition\text to speech mbrola\mbrola.jar;D:\netbeansProject\FaceRecognition\javacv-bin\artoolkitplus-android-arm.jar;D:\netbeansProject\FaceRecognition\javacv-bin\artoolkitplus-android-arm64.jar;D:\netbeansProject\FaceRecognition\javacv-bin\artoolkitplus-android-x86.jar;D:\netbeansProject\FaceRecognition\javacv-bin\artoolkitplus-android-x86_64.jar;D:\netbeansProject\FaceRecognition\javacv-bin\artoolkitplus-linux-armhf.jar;D:\netbeansProject\FaceRecognition\javacv-bin\artoolkitplus-linux-ppc64le.jar;D:\netbeansProject\FaceRecognition\javacv-bin\artoolkitplus-linux-x86.jar;D:\netbeansProject\FaceRecognition\javacv-bin\artoolkitplus-linux-x86_64.jar;D:\netbeansProject\FaceRecognition\javacv-bin\artoolkitplus-macosx-x86_64.jar;D:\netbeansProject\FaceRecognition\javacv-bin\artoolkitplus-platform.jar;D:\netbeansProject\FaceRecognition\javacv-bin\artoolkitplus-windows-x86.jar;D:\netbeansProject\FaceRecognition\javacv-bin\artoolkitplus-windows-x86_64.jar;D:\netbeansProject\FaceRecognition\javacv-bin\artoolkitplus.jar;D:\netbeansProject\FaceRecognition\javacv-bin\ffmpeg-android-arm.jar;D:\netbeansProject\FaceRecognition\javacv-bin\ffmpeg-android-arm64.jar;D:\netbeansProject\FaceRecognition\javacv-bin\ffmpeg-android-x86.jar;D:\netbeansProject\FaceRecognition\javacv-bin\ffmpeg-android-x86_64.jar;D:\netbeansProject\FaceRecognition\javacv-bin\ffmpeg-linux-armhf.jar
Launcher Type: SUN_STANDARD

Environment Variables:
PATH=C:\Program Files (x86)\Common Files\Oracle\Java\javapath;C:\ProgramData\Oracle\Java\javapath;C:\Program Files (x86)\Intel\iCLS Client\;C:\Program Files\Intel\iCLS Client\;C:\WINDOWS\system32;C:\WINDOWS;C:\WINDOWS\System32\Wbem;C:\WINDOWS\System32\WindowsPowerShell\v1.0\;C:\Program Files (x86)\Intel\Intel(R) Management Engine Components\DAL;C:\Program Files\Intel\Intel(R) Management Engine Components\DAL;C:\Program Files (x86)\Intel\Intel(R) Management Engine Components\IPT;C:\Program Files\Intel\Intel(R) Management Engine Components\IPT;C:\WINDOWS\System32\OpenSSH\;C:\Program Files\Intel\WiFi\bin\;C:\Program Files\Common Files\Intel\WirelessCommon\;C:\Users\USER\AppData\Local\Microsoft\WindowsApps;
USERNAME=USER
OS=Windows_NT
PROCESSOR_IDENTIFIER=Intel64 Family 6 Model 142 Stepping 9, GenuineIntel



---------------  S Y S T E M  ---------------

OS: Windows 10.0 , 64 bit Build 17134 (10.0.17134.1)

CPU:total 4 (initial active 4) (2 cores per cpu, 2 threads per core) family 6 model 142 stepping 9, cmov, cx8, fxsr, mmx, sse, sse2, sse3, ssse3, sse4.1, sse4.2, popcnt, avx, avx2, aes, clmul, erms, 3dnowpref, lzcnt, ht, tsc, tscinvbit, bmi1, bmi2, adx

Memory: 4k page, physical 8269008k(5018152k free), swap 10104016k(5849864k free)

vm_info: Java HotSpot(TM) 64-Bit Server VM (25.151-b12) for windows-amd64 JRE (1.8.0_151-b12), built on Sep  5 2017 19:33:46 by "java_re" with MS VC++ 10.0 (VS2010)

time: Sun Oct 28 12:00:25 2018
elapsed time: 4 seconds (0d 0h 0m 4s)

